<?xml version="1.0" encoding="UTF-8"?>
<robot generator="Robot 7.4.1 (Python 3.10.10 on win32)" generated="2026-01-02T20:41:24.773571" rpa="false" schemaversion="5">
<suite id="s1" name="Test" source="C:\Users\teamz\OneDrive\Desktop\TestAutomationLab\test\002\test.robot">
<kw name="Open Registration Page" type="SETUP">
<kw name="Open Browser" owner="SeleniumLibrary">
<msg time="2026-01-02T20:41:24.944194" level="INFO">Opening browser 'chrome' to base url 'http://localhost:7272/Registration.html'.</msg>
<arg>${URL}</arg>
<arg>${BROWSER}</arg>
<doc>Opens a new browser instance to the optional ``url``.</doc>
<status status="PASS" start="2026-01-02T20:41:24.944194" elapsed="1.387125"/>
</kw>
<kw name="Maximize Browser Window" owner="SeleniumLibrary">
<doc>Maximizes current browser window.</doc>
<status status="PASS" start="2026-01-02T20:41:26.331319" elapsed="0.035138"/>
</kw>
<kw name="Page Should Contain" owner="SeleniumLibrary">
<msg time="2026-01-02T20:41:26.378532" level="INFO">Current page contains text 'Workshop Registration'.</msg>
<arg>Workshop Registration</arg>
<doc>Verifies that current page contains ``text``.</doc>
<status status="PASS" start="2026-01-02T20:41:26.366457" elapsed="0.012075"/>
</kw>
<status status="PASS" start="2026-01-02T20:41:24.942851" elapsed="1.435681"/>
</kw>
<test id="s1-t1" name="UAT-Lab04-002-01 Empty First Name" line="12">
<kw name="Fill Registration Form">
<kw name="Clear Element Text" owner="SeleniumLibrary">
<arg>id=firstname</arg>
<doc>Clears the value of the text-input-element identified by ``locator``.</doc>
<status status="PASS" start="2026-01-02T20:41:26.379549" elapsed="0.034953"/>
</kw>
<kw name="Clear Element Text" owner="SeleniumLibrary">
<arg>id=lastname</arg>
<doc>Clears the value of the text-input-element identified by ``locator``.</doc>
<status status="PASS" start="2026-01-02T20:41:26.415504" elapsed="0.020045"/>
</kw>
<kw name="Clear Element Text" owner="SeleniumLibrary">
<arg>id=organization</arg>
<doc>Clears the value of the text-input-element identified by ``locator``.</doc>
<status status="PASS" start="2026-01-02T20:41:26.435549" elapsed="0.020145"/>
</kw>
<kw name="Clear Element Text" owner="SeleniumLibrary">
<arg>id=email</arg>
<doc>Clears the value of the text-input-element identified by ``locator``.</doc>
<status status="PASS" start="2026-01-02T20:41:26.455694" elapsed="0.019856"/>
</kw>
<kw name="Clear Element Text" owner="SeleniumLibrary">
<arg>id=phone</arg>
<doc>Clears the value of the text-input-element identified by ``locator``.</doc>
<status status="PASS" start="2026-01-02T20:41:26.476564" elapsed="0.032093"/>
</kw>
<kw name="Input Text" owner="SeleniumLibrary">
<msg time="2026-01-02T20:41:26.509656" level="INFO">Typing text '' into text field 'id=firstname'.</msg>
<arg>id=firstname</arg>
<arg>${fname}</arg>
<doc>Types the given ``text`` into the text field identified by ``locator``.</doc>
<status status="PASS" start="2026-01-02T20:41:26.508657" elapsed="0.071691"/>
</kw>
<kw name="Input Text" owner="SeleniumLibrary">
<msg time="2026-01-02T20:41:26.581496" level="INFO">Typing text 'Sodyod' into text field 'id=lastname'.</msg>
<arg>id=lastname</arg>
<arg>${lname}</arg>
<doc>Types the given ``text`` into the text field identified by ``locator``.</doc>
<status status="PASS" start="2026-01-02T20:41:26.581496" elapsed="0.060098"/>
</kw>
<kw name="Input Text" owner="SeleniumLibrary">
<msg time="2026-01-02T20:41:26.642860" level="INFO">Typing text 'CS KKU' into text field 'id=organization'.</msg>
<arg>id=organization</arg>
<arg>${org}</arg>
<doc>Types the given ``text`` into the text field identified by ``locator``.</doc>
<status status="PASS" start="2026-01-02T20:41:26.641594" elapsed="0.046399"/>
</kw>
<kw name="Input Text" owner="SeleniumLibrary">
<msg time="2026-01-02T20:41:26.689070" level="INFO">Typing text 'somyod@kkumail.com' into text field 'id=email'.</msg>
<arg>id=email</arg>
<arg>${email}</arg>
<doc>Types the given ``text`` into the text field identified by ``locator``.</doc>
<status status="PASS" start="2026-01-02T20:41:26.687993" elapsed="0.080360"/>
</kw>
<kw name="Input Text" owner="SeleniumLibrary">
<msg time="2026-01-02T20:41:26.769361" level="INFO">Typing text '091-001-1234' into text field 'id=phone'.</msg>
<arg>id=phone</arg>
<arg>${phone}</arg>
<doc>Types the given ``text`` into the text field identified by ``locator``.</doc>
<status status="PASS" start="2026-01-02T20:41:26.769361" elapsed="0.064272"/>
</kw>
<arg>${EMPTY}</arg>
<arg>Sodyod</arg>
<arg>CS KKU</arg>
<arg>somyod@kkumail.com</arg>
<arg>091-001-1234</arg>
<status status="PASS" start="2026-01-02T20:41:26.379549" elapsed="0.454084"/>
</kw>
<kw name="Submit Registration">
<kw name="Click Button" owner="SeleniumLibrary">
<msg time="2026-01-02T20:41:26.835007" level="INFO">Clicking button 'id=registerButton'.</msg>
<arg>id=registerButton</arg>
<doc>Clicks the button identified by ``locator``.</doc>
<status status="PASS" start="2026-01-02T20:41:26.835007" elapsed="0.055533"/>
</kw>
<status status="PASS" start="2026-01-02T20:41:26.833633" elapsed="0.056907"/>
</kw>
<kw name="Error Message Should Be">
<kw name="Page Should Contain" owner="SeleniumLibrary">
<msg time="2026-01-02T20:41:26.899603" level="INFO">Current page contains text '*Please enter your first name!!'.</msg>
<arg>${message}</arg>
<doc>Verifies that current page contains ``text``.</doc>
<status status="PASS" start="2026-01-02T20:41:26.891564" elapsed="0.009050"/>
</kw>
<arg>*Please enter your first name!!</arg>
<status status="PASS" start="2026-01-02T20:41:26.890540" elapsed="0.010074"/>
</kw>
<kw name="Capture Page Screenshot" owner="SeleniumLibrary">
<msg time="2026-01-02T20:41:27.018647" level="INFO" html="true">&lt;/td&gt;&lt;/tr&gt;&lt;tr&gt;&lt;td colspan="3"&gt;&lt;a href="selenium-screenshot-1.png"&gt;&lt;img src="selenium-screenshot-1.png" width="800px"&gt;&lt;/a&gt;</msg>
<doc>Takes a screenshot of the current page and embeds it into a log file.</doc>
<status status="PASS" start="2026-01-02T20:41:26.900614" elapsed="0.118033"/>
</kw>
<status status="PASS" start="2026-01-02T20:41:26.378532" elapsed="0.640115"/>
</test>
<test id="s1-t2" name="UAT-Lab04-002-02 Empty Last Name" line="18">
<kw name="Fill Registration Form">
<kw name="Clear Element Text" owner="SeleniumLibrary">
<arg>id=firstname</arg>
<doc>Clears the value of the text-input-element identified by ``locator``.</doc>
<status status="PASS" start="2026-01-02T20:41:27.019650" elapsed="0.043107"/>
</kw>
<kw name="Clear Element Text" owner="SeleniumLibrary">
<arg>id=lastname</arg>
<doc>Clears the value of the text-input-element identified by ``locator``.</doc>
<status status="PASS" start="2026-01-02T20:41:27.062757" elapsed="0.055392"/>
</kw>
<kw name="Clear Element Text" owner="SeleniumLibrary">
<arg>id=organization</arg>
<doc>Clears the value of the text-input-element identified by ``locator``.</doc>
<status status="PASS" start="2026-01-02T20:41:27.118149" elapsed="0.023727"/>
</kw>
<kw name="Clear Element Text" owner="SeleniumLibrary">
<arg>id=email</arg>
<doc>Clears the value of the text-input-element identified by ``locator``.</doc>
<status status="PASS" start="2026-01-02T20:41:27.142876" elapsed="0.017881"/>
</kw>
<kw name="Clear Element Text" owner="SeleniumLibrary">
<arg>id=phone</arg>
<doc>Clears the value of the text-input-element identified by ``locator``.</doc>
<status status="PASS" start="2026-01-02T20:41:27.161911" elapsed="0.019768"/>
</kw>
<kw name="Input Text" owner="SeleniumLibrary">
<msg time="2026-01-02T20:41:27.181679" level="INFO">Typing text 'Somyod' into text field 'id=firstname'.</msg>
<arg>id=firstname</arg>
<arg>${fname}</arg>
<doc>Types the given ``text`` into the text field identified by ``locator``.</doc>
<status status="PASS" start="2026-01-02T20:41:27.181679" elapsed="0.042294"/>
</kw>
<kw name="Input Text" owner="SeleniumLibrary">
<msg time="2026-01-02T20:41:27.225476" level="INFO">Typing text '' into text field 'id=lastname'.</msg>
<arg>id=lastname</arg>
<arg>${lname}</arg>
<doc>Types the given ``text`` into the text field identified by ``locator``.</doc>
<status status="PASS" start="2026-01-02T20:41:27.223973" elapsed="0.055801"/>
</kw>
<kw name="Input Text" owner="SeleniumLibrary">
<msg time="2026-01-02T20:41:27.280783" level="INFO">Typing text 'CS KKU' into text field 'id=organization'.</msg>
<arg>id=organization</arg>
<arg>${org}</arg>
<doc>Types the given ``text`` into the text field identified by ``locator``.</doc>
<status status="PASS" start="2026-01-02T20:41:27.279774" elapsed="0.050937"/>
</kw>
<kw name="Input Text" owner="SeleniumLibrary">
<msg time="2026-01-02T20:41:27.330711" level="INFO">Typing text 'somyod@kkumail.com' into text field 'id=email'.</msg>
<arg>id=email</arg>
<arg>${email}</arg>
<doc>Types the given ``text`` into the text field identified by ``locator``.</doc>
<status status="PASS" start="2026-01-02T20:41:27.330711" elapsed="0.068350"/>
</kw>
<kw name="Input Text" owner="SeleniumLibrary">
<msg time="2026-01-02T20:41:27.400075" level="INFO">Typing text '091-001-1234' into text field 'id=phone'.</msg>
<arg>id=phone</arg>
<arg>${phone}</arg>
<doc>Types the given ``text`` into the text field identified by ``locator``.</doc>
<status status="PASS" start="2026-01-02T20:41:27.399061" elapsed="0.049679"/>
</kw>
<arg>Somyod</arg>
<arg>${EMPTY}</arg>
<arg>CS KKU</arg>
<arg>somyod@kkumail.com</arg>
<arg>091-001-1234</arg>
<status status="PASS" start="2026-01-02T20:41:27.019650" elapsed="0.430185"/>
</kw>
<kw name="Submit Registration">
<kw name="Click Button" owner="SeleniumLibrary">
<msg time="2026-01-02T20:41:27.449835" level="INFO">Clicking button 'id=registerButton'.</msg>
<arg>id=registerButton</arg>
<doc>Clicks the button identified by ``locator``.</doc>
<status status="PASS" start="2026-01-02T20:41:27.449835" elapsed="0.038033"/>
</kw>
<status status="PASS" start="2026-01-02T20:41:27.449835" elapsed="0.038033"/>
</kw>
<kw name="Error Message Should Be">
<kw name="Page Should Contain" owner="SeleniumLibrary">
<msg time="2026-01-02T20:41:27.495980" level="INFO">Current page contains text '*Please enter your last name!!'.</msg>
<arg>${message}</arg>
<doc>Verifies that current page contains ``text``.</doc>
<status status="PASS" start="2026-01-02T20:41:27.488877" elapsed="0.008114"/>
</kw>
<arg>*Please enter your last name!!</arg>
<status status="PASS" start="2026-01-02T20:41:27.488877" elapsed="0.008114"/>
</kw>
<kw name="Capture Page Screenshot" owner="SeleniumLibrary">
<msg time="2026-01-02T20:41:27.567770" level="INFO" html="true">&lt;/td&gt;&lt;/tr&gt;&lt;tr&gt;&lt;td colspan="3"&gt;&lt;a href="selenium-screenshot-2.png"&gt;&lt;img src="selenium-screenshot-2.png" width="800px"&gt;&lt;/a&gt;</msg>
<doc>Takes a screenshot of the current page and embeds it into a log file.</doc>
<status status="PASS" start="2026-01-02T20:41:27.496991" elapsed="0.070779"/>
</kw>
<status status="PASS" start="2026-01-02T20:41:27.019650" elapsed="0.548120"/>
</test>
<test id="s1-t3" name="UAT-Lab04-002-03 Empty First Name And Last Name" line="24">
<kw name="Fill Registration Form">
<kw name="Clear Element Text" owner="SeleniumLibrary">
<arg>id=firstname</arg>
<doc>Clears the value of the text-input-element identified by ``locator``.</doc>
<status status="PASS" start="2026-01-02T20:41:27.569201" elapsed="0.020042"/>
</kw>
<kw name="Clear Element Text" owner="SeleniumLibrary">
<arg>id=lastname</arg>
<doc>Clears the value of the text-input-element identified by ``locator``.</doc>
<status status="PASS" start="2026-01-02T20:41:27.589243" elapsed="0.020601"/>
</kw>
<kw name="Clear Element Text" owner="SeleniumLibrary">
<arg>id=organization</arg>
<doc>Clears the value of the text-input-element identified by ``locator``.</doc>
<status status="PASS" start="2026-01-02T20:41:27.609844" elapsed="0.020906"/>
</kw>
<kw name="Clear Element Text" owner="SeleniumLibrary">
<arg>id=email</arg>
<doc>Clears the value of the text-input-element identified by ``locator``.</doc>
<status status="PASS" start="2026-01-02T20:41:27.630750" elapsed="0.020072"/>
</kw>
<kw name="Clear Element Text" owner="SeleniumLibrary">
<arg>id=phone</arg>
<doc>Clears the value of the text-input-element identified by ``locator``.</doc>
<status status="PASS" start="2026-01-02T20:41:27.650822" elapsed="0.018045"/>
</kw>
<kw name="Input Text" owner="SeleniumLibrary">
<msg time="2026-01-02T20:41:27.668867" level="INFO">Typing text '' into text field 'id=firstname'.</msg>
<arg>id=firstname</arg>
<arg>${fname}</arg>
<doc>Types the given ``text`` into the text field identified by ``locator``.</doc>
<status status="PASS" start="2026-01-02T20:41:27.668867" elapsed="0.040949"/>
</kw>
<kw name="Input Text" owner="SeleniumLibrary">
<msg time="2026-01-02T20:41:27.709816" level="INFO">Typing text '' into text field 'id=lastname'.</msg>
<arg>id=lastname</arg>
<arg>${lname}</arg>
<doc>Types the given ``text`` into the text field identified by ``locator``.</doc>
<status status="PASS" start="2026-01-02T20:41:27.709816" elapsed="0.041236"/>
</kw>
<kw name="Input Text" owner="SeleniumLibrary">
<msg time="2026-01-02T20:41:27.751052" level="INFO">Typing text 'CS KKU' into text field 'id=organization'.</msg>
<arg>id=organization</arg>
<arg>${org}</arg>
<doc>Types the given ``text`` into the text field identified by ``locator``.</doc>
<status status="PASS" start="2026-01-02T20:41:27.751052" elapsed="0.061245"/>
</kw>
<kw name="Input Text" owner="SeleniumLibrary">
<msg time="2026-01-02T20:41:27.813334" level="INFO">Typing text 'somyod@kkumail.com' into text field 'id=email'.</msg>
<arg>id=email</arg>
<arg>${email}</arg>
<doc>Types the given ``text`` into the text field identified by ``locator``.</doc>
<status status="PASS" start="2026-01-02T20:41:27.812297" elapsed="0.066651"/>
</kw>
<kw name="Input Text" owner="SeleniumLibrary">
<msg time="2026-01-02T20:41:27.879988" level="INFO">Typing text '091-001-1234' into text field 'id=phone'.</msg>
<arg>id=phone</arg>
<arg>${phone}</arg>
<doc>Types the given ``text`` into the text field identified by ``locator``.</doc>
<status status="PASS" start="2026-01-02T20:41:27.878948" elapsed="0.061947"/>
</kw>
<arg>${EMPTY}</arg>
<arg>${EMPTY}</arg>
<arg>CS KKU</arg>
<arg>somyod@kkumail.com</arg>
<arg>091-001-1234</arg>
<status status="PASS" start="2026-01-02T20:41:27.569201" elapsed="0.371694"/>
</kw>
<kw name="Submit Registration">
<kw name="Click Button" owner="SeleniumLibrary">
<msg time="2026-01-02T20:41:27.941908" level="INFO">Clicking button 'id=registerButton'.</msg>
<arg>id=registerButton</arg>
<doc>Clicks the button identified by ``locator``.</doc>
<status status="PASS" start="2026-01-02T20:41:27.941908" elapsed="0.045229"/>
</kw>
<status status="PASS" start="2026-01-02T20:41:27.940895" elapsed="0.046242"/>
</kw>
<kw name="Error Message Should Be">
<kw name="Page Should Contain" owner="SeleniumLibrary">
<msg time="2026-01-02T20:41:27.996623" level="INFO">Current page contains text '*Please enter your name!!'.</msg>
<arg>${message}</arg>
<doc>Verifies that current page contains ``text``.</doc>
<status status="PASS" start="2026-01-02T20:41:27.988530" elapsed="0.008093"/>
</kw>
<arg>*Please enter your name!!</arg>
<status status="PASS" start="2026-01-02T20:41:27.987137" elapsed="0.009486"/>
</kw>
<kw name="Capture Page Screenshot" owner="SeleniumLibrary">
<msg time="2026-01-02T20:41:28.068349" level="INFO" html="true">&lt;/td&gt;&lt;/tr&gt;&lt;tr&gt;&lt;td colspan="3"&gt;&lt;a href="selenium-screenshot-3.png"&gt;&lt;img src="selenium-screenshot-3.png" width="800px"&gt;&lt;/a&gt;</msg>
<doc>Takes a screenshot of the current page and embeds it into a log file.</doc>
<status status="PASS" start="2026-01-02T20:41:27.996623" elapsed="0.071726"/>
</kw>
<status status="PASS" start="2026-01-02T20:41:27.567770" elapsed="0.501579"/>
</test>
<test id="s1-t4" name="UAT-Lab04-002-04 Empty Email" line="30">
<kw name="Fill Registration Form">
<kw name="Clear Element Text" owner="SeleniumLibrary">
<arg>id=firstname</arg>
<doc>Clears the value of the text-input-element identified by ``locator``.</doc>
<status status="PASS" start="2026-01-02T20:41:28.071351" elapsed="0.018543"/>
</kw>
<kw name="Clear Element Text" owner="SeleniumLibrary">
<arg>id=lastname</arg>
<doc>Clears the value of the text-input-element identified by ``locator``.</doc>
<status status="PASS" start="2026-01-02T20:41:28.089894" elapsed="0.018542"/>
</kw>
<kw name="Clear Element Text" owner="SeleniumLibrary">
<arg>id=organization</arg>
<doc>Clears the value of the text-input-element identified by ``locator``.</doc>
<status status="PASS" start="2026-01-02T20:41:28.108436" elapsed="0.018181"/>
</kw>
<kw name="Clear Element Text" owner="SeleniumLibrary">
<arg>id=email</arg>
<doc>Clears the value of the text-input-element identified by ``locator``.</doc>
<status status="PASS" start="2026-01-02T20:41:28.127618" elapsed="0.020043"/>
</kw>
<kw name="Clear Element Text" owner="SeleniumLibrary">
<arg>id=phone</arg>
<doc>Clears the value of the text-input-element identified by ``locator``.</doc>
<status status="PASS" start="2026-01-02T20:41:28.148663" elapsed="0.017877"/>
</kw>
<kw name="Input Text" owner="SeleniumLibrary">
<msg time="2026-01-02T20:41:28.166540" level="INFO">Typing text 'Somyod' into text field 'id=firstname'.</msg>
<arg>id=firstname</arg>
<arg>${fname}</arg>
<doc>Types the given ``text`` into the text field identified by ``locator``.</doc>
<status status="PASS" start="2026-01-02T20:41:28.166540" elapsed="0.047571"/>
</kw>
<kw name="Input Text" owner="SeleniumLibrary">
<msg time="2026-01-02T20:41:28.214111" level="INFO">Typing text 'Sodsai' into text field 'id=lastname'.</msg>
<arg>id=lastname</arg>
<arg>${lname}</arg>
<doc>Types the given ``text`` into the text field identified by ``locator``.</doc>
<status status="PASS" start="2026-01-02T20:41:28.214111" elapsed="0.052443"/>
</kw>
<kw name="Input Text" owner="SeleniumLibrary">
<msg time="2026-01-02T20:41:28.266554" level="INFO">Typing text 'CS KKU' into text field 'id=organization'.</msg>
<arg>id=organization</arg>
<arg>${org}</arg>
<doc>Types the given ``text`` into the text field identified by ``locator``.</doc>
<status status="PASS" start="2026-01-02T20:41:28.266554" elapsed="0.068850"/>
</kw>
<kw name="Input Text" owner="SeleniumLibrary">
<msg time="2026-01-02T20:41:28.335404" level="INFO">Typing text '' into text field 'id=email'.</msg>
<arg>id=email</arg>
<arg>${email}</arg>
<doc>Types the given ``text`` into the text field identified by ``locator``.</doc>
<status status="PASS" start="2026-01-02T20:41:28.335404" elapsed="0.044571"/>
</kw>
<kw name="Input Text" owner="SeleniumLibrary">
<msg time="2026-01-02T20:41:28.379975" level="INFO">Typing text '091-001-1234' into text field 'id=phone'.</msg>
<arg>id=phone</arg>
<arg>${phone}</arg>
<doc>Types the given ``text`` into the text field identified by ``locator``.</doc>
<status status="PASS" start="2026-01-02T20:41:28.379975" elapsed="0.050234"/>
</kw>
<arg>Somyod</arg>
<arg>Sodsai</arg>
<arg>CS KKU</arg>
<arg>${EMPTY}</arg>
<arg>091-001-1234</arg>
<status status="PASS" start="2026-01-02T20:41:28.070350" elapsed="0.360903"/>
</kw>
<kw name="Submit Registration">
<kw name="Click Button" owner="SeleniumLibrary">
<msg time="2026-01-02T20:41:28.432265" level="INFO">Clicking button 'id=registerButton'.</msg>
<arg>id=registerButton</arg>
<doc>Clicks the button identified by ``locator``.</doc>
<status status="PASS" start="2026-01-02T20:41:28.431253" elapsed="0.044390"/>
</kw>
<status status="PASS" start="2026-01-02T20:41:28.431253" elapsed="0.044390"/>
</kw>
<kw name="Error Message Should Be">
<kw name="Page Should Contain" owner="SeleniumLibrary">
<msg time="2026-01-02T20:41:28.484075" level="INFO">Current page contains text '*Please enter your email!!'.</msg>
<arg>${message}</arg>
<doc>Verifies that current page contains ``text``.</doc>
<status status="PASS" start="2026-01-02T20:41:28.475643" elapsed="0.008432"/>
</kw>
<arg>*Please enter your email!!</arg>
<status status="PASS" start="2026-01-02T20:41:28.475643" elapsed="0.008432"/>
</kw>
<kw name="Capture Page Screenshot" owner="SeleniumLibrary">
<msg time="2026-01-02T20:41:28.553906" level="INFO" html="true">&lt;/td&gt;&lt;/tr&gt;&lt;tr&gt;&lt;td colspan="3"&gt;&lt;a href="selenium-screenshot-4.png"&gt;&lt;img src="selenium-screenshot-4.png" width="800px"&gt;&lt;/a&gt;</msg>
<doc>Takes a screenshot of the current page and embeds it into a log file.</doc>
<status status="PASS" start="2026-01-02T20:41:28.484075" elapsed="0.069831"/>
</kw>
<status status="PASS" start="2026-01-02T20:41:28.069349" elapsed="0.484557"/>
</test>
<test id="s1-t5" name="UAT-Lab04-002-05 Empty Phone Number" line="36">
<kw name="Fill Registration Form">
<kw name="Clear Element Text" owner="SeleniumLibrary">
<arg>id=firstname</arg>
<doc>Clears the value of the text-input-element identified by ``locator``.</doc>
<status status="PASS" start="2026-01-02T20:41:28.555940" elapsed="0.030677"/>
</kw>
<kw name="Clear Element Text" owner="SeleniumLibrary">
<arg>id=lastname</arg>
<doc>Clears the value of the text-input-element identified by ``locator``.</doc>
<status status="PASS" start="2026-01-02T20:41:28.587619" elapsed="0.026991"/>
</kw>
<kw name="Clear Element Text" owner="SeleniumLibrary">
<arg>id=organization</arg>
<doc>Clears the value of the text-input-element identified by ``locator``.</doc>
<status status="PASS" start="2026-01-02T20:41:28.614610" elapsed="0.024844"/>
</kw>
<kw name="Clear Element Text" owner="SeleniumLibrary">
<arg>id=email</arg>
<doc>Clears the value of the text-input-element identified by ``locator``.</doc>
<status status="PASS" start="2026-01-02T20:41:28.639454" elapsed="0.020798"/>
</kw>
<kw name="Clear Element Text" owner="SeleniumLibrary">
<arg>id=phone</arg>
<doc>Clears the value of the text-input-element identified by ``locator``.</doc>
<status status="PASS" start="2026-01-02T20:41:28.660252" elapsed="0.017692"/>
</kw>
<kw name="Input Text" owner="SeleniumLibrary">
<msg time="2026-01-02T20:41:28.678973" level="INFO">Typing text 'Somyod' into text field 'id=firstname'.</msg>
<arg>id=firstname</arg>
<arg>${fname}</arg>
<doc>Types the given ``text`` into the text field identified by ``locator``.</doc>
<status status="PASS" start="2026-01-02T20:41:28.677944" elapsed="0.061976"/>
</kw>
<kw name="Input Text" owner="SeleniumLibrary">
<msg time="2026-01-02T20:41:28.740992" level="INFO">Typing text 'Sodsai' into text field 'id=lastname'.</msg>
<arg>id=lastname</arg>
<arg>${lname}</arg>
<doc>Types the given ``text`` into the text field identified by ``locator``.</doc>
<status status="PASS" start="2026-01-02T20:41:28.739920" elapsed="0.073849"/>
</kw>
<kw name="Input Text" owner="SeleniumLibrary">
<msg time="2026-01-02T20:41:28.813769" level="INFO">Typing text 'CS KKU' into text field 'id=organization'.</msg>
<arg>id=organization</arg>
<arg>${org}</arg>
<doc>Types the given ``text`` into the text field identified by ``locator``.</doc>
<status status="PASS" start="2026-01-02T20:41:28.813769" elapsed="0.063131"/>
</kw>
<kw name="Input Text" owner="SeleniumLibrary">
<msg time="2026-01-02T20:41:28.878002" level="INFO">Typing text 'somyod@kkumail.com' into text field 'id=email'.</msg>
<arg>id=email</arg>
<arg>${email}</arg>
<doc>Types the given ``text`` into the text field identified by ``locator``.</doc>
<status status="PASS" start="2026-01-02T20:41:28.876900" elapsed="0.053330"/>
</kw>
<kw name="Input Text" owner="SeleniumLibrary">
<msg time="2026-01-02T20:41:28.931593" level="INFO">Typing text '' into text field 'id=phone'.</msg>
<arg>id=phone</arg>
<arg>${phone}</arg>
<doc>Types the given ``text`` into the text field identified by ``locator``.</doc>
<status status="PASS" start="2026-01-02T20:41:28.931593" elapsed="0.063279"/>
</kw>
<arg>Somyod</arg>
<arg>Sodsai</arg>
<arg>CS KKU</arg>
<arg>somyod@kkumail.com</arg>
<arg>${EMPTY}</arg>
<status status="PASS" start="2026-01-02T20:41:28.553906" elapsed="0.441468"/>
</kw>
<kw name="Submit Registration">
<kw name="Click Button" owner="SeleniumLibrary">
<msg time="2026-01-02T20:41:28.996383" level="INFO">Clicking button 'id=registerButton'.</msg>
<arg>id=registerButton</arg>
<doc>Clicks the button identified by ``locator``.</doc>
<status status="PASS" start="2026-01-02T20:41:28.995374" elapsed="0.052212"/>
</kw>
<status status="PASS" start="2026-01-02T20:41:28.995374" elapsed="0.052212"/>
</kw>
<kw name="Error Message Should Be">
<kw name="Page Should Contain" owner="SeleniumLibrary">
<msg time="2026-01-02T20:41:29.056579" level="INFO">Current page contains text '*Please enter your phone number!!'.</msg>
<arg>${message}</arg>
<doc>Verifies that current page contains ``text``.</doc>
<status status="PASS" start="2026-01-02T20:41:29.048924" elapsed="0.008686"/>
</kw>
<arg>*Please enter your phone number!!</arg>
<status status="PASS" start="2026-01-02T20:41:29.047586" elapsed="0.010024"/>
</kw>
<kw name="Capture Page Screenshot" owner="SeleniumLibrary">
<msg time="2026-01-02T20:41:29.127127" level="INFO" html="true">&lt;/td&gt;&lt;/tr&gt;&lt;tr&gt;&lt;td colspan="3"&gt;&lt;a href="selenium-screenshot-5.png"&gt;&lt;img src="selenium-screenshot-5.png" width="800px"&gt;&lt;/a&gt;</msg>
<doc>Takes a screenshot of the current page and embeds it into a log file.</doc>
<status status="PASS" start="2026-01-02T20:41:29.057610" elapsed="0.070824"/>
</kw>
<status status="PASS" start="2026-01-02T20:41:28.553906" elapsed="0.574528"/>
</test>
<test id="s1-t6" name="UAT-Lab04-002-06 Invalid Phone Number" line="42">
<kw name="Fill Registration Form">
<kw name="Clear Element Text" owner="SeleniumLibrary">
<arg>id=firstname</arg>
<doc>Clears the value of the text-input-element identified by ``locator``.</doc>
<status status="PASS" start="2026-01-02T20:41:29.129618" elapsed="0.046691"/>
</kw>
<kw name="Clear Element Text" owner="SeleniumLibrary">
<arg>id=lastname</arg>
<doc>Clears the value of the text-input-element identified by ``locator``.</doc>
<status status="PASS" start="2026-01-02T20:41:29.176309" elapsed="0.022443"/>
</kw>
<kw name="Clear Element Text" owner="SeleniumLibrary">
<arg>id=organization</arg>
<doc>Clears the value of the text-input-element identified by ``locator``.</doc>
<status status="PASS" start="2026-01-02T20:41:29.198752" elapsed="0.036928"/>
</kw>
<kw name="Clear Element Text" owner="SeleniumLibrary">
<arg>id=email</arg>
<doc>Clears the value of the text-input-element identified by ``locator``.</doc>
<status status="PASS" start="2026-01-02T20:41:29.235680" elapsed="0.020133"/>
</kw>
<kw name="Clear Element Text" owner="SeleniumLibrary">
<arg>id=phone</arg>
<doc>Clears the value of the text-input-element identified by ``locator``.</doc>
<status status="PASS" start="2026-01-02T20:41:29.257026" elapsed="0.019540"/>
</kw>
<kw name="Input Text" owner="SeleniumLibrary">
<msg time="2026-01-02T20:41:29.276566" level="INFO">Typing text 'Somyod' into text field 'id=firstname'.</msg>
<arg>id=firstname</arg>
<arg>${fname}</arg>
<doc>Types the given ``text`` into the text field identified by ``locator``.</doc>
<status status="PASS" start="2026-01-02T20:41:29.276566" elapsed="0.054540"/>
</kw>
<kw name="Input Text" owner="SeleniumLibrary">
<msg time="2026-01-02T20:41:29.332310" level="INFO">Typing text 'Sodsai' into text field 'id=lastname'.</msg>
<arg>id=lastname</arg>
<arg>${lname}</arg>
<doc>Types the given ``text`` into the text field identified by ``locator``.</doc>
<status status="PASS" start="2026-01-02T20:41:29.331106" elapsed="0.047972"/>
</kw>
<kw name="Input Text" owner="SeleniumLibrary">
<msg time="2026-01-02T20:41:29.379078" level="INFO">Typing text 'CS KKU' into text field 'id=organization'.</msg>
<arg>id=organization</arg>
<arg>${org}</arg>
<doc>Types the given ``text`` into the text field identified by ``locator``.</doc>
<status status="PASS" start="2026-01-02T20:41:29.379078" elapsed="0.063187"/>
</kw>
<kw name="Input Text" owner="SeleniumLibrary">
<msg time="2026-01-02T20:41:29.443342" level="INFO">Typing text 'somyod@kkumail.com' into text field 'id=email'.</msg>
<arg>id=email</arg>
<arg>${email}</arg>
<doc>Types the given ``text`` into the text field identified by ``locator``.</doc>
<status status="PASS" start="2026-01-02T20:41:29.442265" elapsed="0.082556"/>
</kw>
<kw name="Input Text" owner="SeleniumLibrary">
<msg time="2026-01-02T20:41:29.525324" level="INFO">Typing text '1234' into text field 'id=phone'.</msg>
<arg>id=phone</arg>
<arg>${phone}</arg>
<doc>Types the given ``text`` into the text field identified by ``locator``.</doc>
<status status="PASS" start="2026-01-02T20:41:29.525324" elapsed="0.058292"/>
</kw>
<arg>Somyod</arg>
<arg>Sodsai</arg>
<arg>CS KKU</arg>
<arg>somyod@kkumail.com</arg>
<arg>1234</arg>
<status status="PASS" start="2026-01-02T20:41:29.129618" elapsed="0.453998"/>
</kw>
<kw name="Submit Registration">
<kw name="Click Button" owner="SeleniumLibrary">
<msg time="2026-01-02T20:41:29.584744" level="INFO">Clicking button 'id=registerButton'.</msg>
<arg>id=registerButton</arg>
<doc>Clicks the button identified by ``locator``.</doc>
<status status="PASS" start="2026-01-02T20:41:29.584744" elapsed="0.047636"/>
</kw>
<status status="PASS" start="2026-01-02T20:41:29.584744" elapsed="0.047636"/>
</kw>
<kw name="Error Message Should Be">
<kw name="Page Should Contain" owner="SeleniumLibrary">
<msg time="2026-01-02T20:41:29.708984" level="INFO" html="true">&lt;/td&gt;&lt;/tr&gt;&lt;tr&gt;&lt;td colspan="3"&gt;&lt;a href="selenium-screenshot-6.png"&gt;&lt;img src="selenium-screenshot-6.png" width="800px"&gt;&lt;/a&gt;</msg>
<msg time="2026-01-02T20:41:29.708984" level="FAIL">Page should have contained text 'Please enter a valid phone number, e.g., 081-234-5678, 081 234 5678, or 081.234.5678)' but did not.</msg>
<arg>${message}</arg>
<doc>Verifies that current page contains ``text``.</doc>
<status status="FAIL" start="2026-01-02T20:41:29.633390" elapsed="0.092837">Page should have contained text 'Please enter a valid phone number, e.g., 081-234-5678, 081 234 5678, or 081.234.5678)' but did not.</status>
</kw>
<arg>Please enter a valid phone number, e.g., 081-234-5678, 081 234 5678, or 081.234.5678)</arg>
<status status="FAIL" start="2026-01-02T20:41:29.633390" elapsed="0.092837">Page should have contained text 'Please enter a valid phone number, e.g., 081-234-5678, 081 234 5678, or 081.234.5678)' but did not.</status>
</kw>
<kw name="Capture Page Screenshot" owner="SeleniumLibrary">
<doc>Takes a screenshot of the current page and embeds it into a log file.</doc>
<status status="NOT RUN" start="2026-01-02T20:41:29.726227" elapsed="0.000000"/>
</kw>
<status status="FAIL" start="2026-01-02T20:41:29.128434" elapsed="0.597793">Page should have contained text 'Please enter a valid phone number, e.g., 081-234-5678, 081 234 5678, or 081.234.5678)' but did not.</status>
</test>
<kw name="Close Browser" owner="SeleniumLibrary" type="TEARDOWN">
<doc>Closes the current browser.</doc>
<status status="PASS" start="2026-01-02T20:41:29.727273" elapsed="2.299591"/>
</kw>
<doc>Test Scenario: UAT-Lab04-002 Workshop Registration (Negative Test)</doc>
<status status="FAIL" start="2026-01-02T20:41:24.774583" elapsed="7.252281"/>
</suite>
<statistics>
<total>
<stat pass="5" fail="1" skip="0">All Tests</stat>
</total>
<tag>
</tag>
<suite>
<stat name="Test" id="s1" pass="5" fail="1" skip="0">Test</stat>
</suite>
</statistics>
<errors>
</errors>
</robot>
